<?xml version="1.0" encoding="UTF-8"?>
<!-- Generated by org.testng.reporters.JUnitReportReporter -->
<testsuite hostname="DESKTOP-TJNPJCV" failures="0" tests="3" name="DataDrivenUSingTestNG.FirsttestNGClass" time="0.025" errors="0" timestamp="2021-03-23T10:00:41 IST" skipped="0">
  <testcase classname="DataDrivenUSingTestNG.FirsttestNGClass" name="test" time="0.012"/>
  <system-out/>
  <testcase classname="DataDrivenUSingTestNG.FirsttestNGClass" name="test" time="0.002"/>
  <system-out/>
  <testcase classname="DataDrivenUSingTestNG.FirsttestNGClass" name="test" time="0.011"/>
  <system-out/>
</testsuite> <!-- DataDrivenUSingTestNG.FirsttestNGClass -->
