<?xml version="1.0" encoding="UTF-8"?>
<!-- Generated by org.testng.reporters.JUnitReportReporter -->
<testsuite hostname="DESKTOP-TJNPJCV" failures="0" tests="1" name="DataDrivenUSingTestNG.GenerateLog" time="6.099" errors="0" timestamp="2021-03-22T17:46:57 IST" skipped="0">
  <testcase classname="DataDrivenUSingTestNG.GenerateLog" name="Log" time="6.099"/>
  <system-out/>
</testsuite> <!-- DataDrivenUSingTestNG.GenerateLog -->
