<?xml version="1.0" encoding="UTF-8"?>
<!-- Generated by org.testng.reporters.JUnitReportReporter -->
<testsuite hostname="DESKTOP-TJNPJCV" failures="0" tests="1" name="DataDrivenUSingTestNG.TestNGBasic" time="0.012" errors="0" timestamp="2021-03-23T08:22:39 IST" skipped="0">
  <testcase classname="DataDrivenUSingTestNG.TestNGBasic" name="openBrowser" time="0.012"/>
  <system-out/>
</testsuite> <!-- DataDrivenUSingTestNG.TestNGBasic -->
