<?xml version="1.0" encoding="UTF-8"?>
<!-- Generated by org.testng.reporters.JUnitReportReporter -->
<testsuite hostname="DESKTOP-TJNPJCV" failures="0" tests="2" name="DataDrivenUSingTestNG.Grouping" time="0.014" errors="0" timestamp="2021-03-23T13:33:44 IST" skipped="0">
  <testcase classname="DataDrivenUSingTestNG.Grouping" name="test1" time="0.011"/>
  <system-out/>
  <testcase classname="DataDrivenUSingTestNG.Grouping" name="test2" time="0.003"/>
  <system-out/>
</testsuite> <!-- DataDrivenUSingTestNG.Grouping -->
