<?xml version="1.0" encoding="UTF-8"?>
<!-- Generated by org.testng.reporters.JUnitReportReporter -->
<testsuite hostname="DESKTOP-TJNPJCV" failures="0" tests="2" name="ParallelTestNG.TestMultiBrowser" time="44.181" errors="0" timestamp="2021-03-25T12:51:25 IST" skipped="0">
  <testcase classname="ParallelTestNG.TestMultiBrowser" name="test_01" time="15.015"/>
  <system-out/>
  <testcase classname="ParallelTestNG.TestMultiBrowser" name="test_02" time="29.166"/>
  <system-out/>
</testsuite> <!-- ParallelTestNG.TestMultiBrowser -->
