<?xml version="1.0" encoding="UTF-8"?>
<!-- Generated by org.testng.reporters.JUnitReportReporter -->
<testsuite hostname="DESKTOP-TJNPJCV" failures="0" tests="2" name="ParallelTestNG.TestWebBrowser" time="71.447" errors="0" timestamp="2021-03-25T12:12:37 IST" skipped="0">
  <testcase classname="ParallelTestNG.TestWebBrowser" name="test_02" time="38.763"/>
  <system-out/>
  <testcase classname="ParallelTestNG.TestWebBrowser" name="test_01" time="32.684"/>
  <system-out/>
</testsuite> <!-- ParallelTestNG.TestWebBrowser -->
