<?xml version="1.0" encoding="UTF-8"?>
<!-- Generated by org.testng.reporters.JUnitReportReporter -->
<testsuite hostname="DESKTOP-TJNPJCV" failures="0" tests="1" name="DataDrivenUSingTestNG.WorkingwithPropertiesFile" time="12.918" errors="0" timestamp="2021-03-22T16:36:45 IST" skipped="0">
  <testcase classname="DataDrivenUSingTestNG.WorkingwithPropertiesFile" name="setUp" time="12.918"/>
  <system-out/>
</testsuite> <!-- DataDrivenUSingTestNG.WorkingwithPropertiesFile -->
