<?xml version="1.0" encoding="UTF-8"?>
<!-- Generated by org.testng.reporters.JUnitReportReporter -->
<testsuite hostname="DESKTOP-TJNPJCV" failures="0" tests="3" name="DataDrivenUSingTestNG.PassFailSkipInTestNG" time="0.019" errors="0" timestamp="2021-03-23T08:32:33 IST" skipped="1">
  <testcase classname="DataDrivenUSingTestNG.PassFailSkipInTestNG" name="loginInsta" time="0.003"/>
  <system-out/>
  <testcase classname="DataDrivenUSingTestNG.PassFailSkipInTestNG" name="loginGmail" time="0.003">
    <skipped/>
  </testcase> <!-- loginGmail -->
  <system-out/>
  <testcase classname="DataDrivenUSingTestNG.PassFailSkipInTestNG" name="loginFB" time="0.013"/>
  <system-out/>
</testsuite> <!-- DataDrivenUSingTestNG.PassFailSkipInTestNG -->
