<?xml version="1.0" encoding="UTF-8"?>
<!-- Generated by org.testng.reporters.JUnitReportReporter -->
<testsuite hostname="DESKTOP-TJNPJCV" failures="0" tests="1" name="SeleniumRevise.XpathConcept" time="0.025" errors="0" timestamp="2021-04-13T08:24:16 IST" skipped="0">
  <testcase classname="SeleniumRevise.XpathConcept" name="XpathRevise" time="0.025"/>
  <system-out/>
</testsuite> <!-- SeleniumRevise.XpathConcept -->
