<?xml version="1.0" encoding="UTF-8"?>
<!-- Generated by org.testng.reporters.JUnitReportReporter -->
<testsuite hostname="DESKTOP-TJNPJCV" failures="0" tests="1" name="SeleniumRevise.AlertHandling" time="13.612" errors="0" timestamp="2021-04-13T09:23:48 IST" skipped="0">
  <testcase classname="SeleniumRevise.AlertHandling" name="HandleAlert" time="13.612"/>
  <system-out/>
</testsuite> <!-- SeleniumRevise.AlertHandling -->
