<?xml version="1.0" encoding="UTF-8"?>
<!-- Generated by org.testng.reporters.JUnitReportReporter -->
<testsuite hostname="DESKTOP-TJNPJCV" failures="0" tests="2" name="DataDrivenUSingTestNG.DataProvider" time="0.012" errors="0" timestamp="2021-03-23T11:02:12 IST" skipped="0">
  <testcase classname="DataDrivenUSingTestNG.DataProvider" name="test1" time="0.009"/>
  <system-out/>
  <testcase classname="DataDrivenUSingTestNG.DataProvider" name="test2" time="0.003"/>
  <system-out/>
</testsuite> <!-- DataDrivenUSingTestNG.DataProvider -->
