<?xml version="1.0" encoding="UTF-8"?>
<!-- Generated by org.testng.reporters.JUnitReportReporter -->
<testsuite hostname="DESKTOP-TJNPJCV" failures="0" tests="2" name="com.test.DemoTest" time="0.008" errors="0" timestamp="2021-03-27T18:57:54 IST" skipped="0">
  <testcase classname="com.test.DemoTest" name="testB" time="0.001"/>
  <system-out/>
  <testcase classname="com.test.DemoTest" name="testA" time="0.007"/>
  <system-out/>
</testsuite> <!-- com.test.DemoTest -->
